<?xml version="1.0" encoding="UTF-8"?>
<!-- Generated by org.testng.reporters.JUnitXMLReporter -->
<testsuite ignored="0" hostname="DESKTOP-13EDC9F" failures="0" tests="2" name="TC_001_AddRemoveCart" time="24.018" errors="0" timestamp="2024-02-05T21:05:02 IST">
  <testcase classname="com.framework.testscripts.TC_001_AddRemoveCart" name="addRemove" time="8.293"/>
  <testcase classname="com.framework.testscripts.TC_001_AddRemoveCart" name="addRemove" time="7.002"/>
</testsuite> <!-- TC_001_AddRemoveCart -->
