<?xml version="1.0" encoding="UTF-8"?>
<!-- Generated by org.testng.reporters.JUnitXMLReporter -->
<testsuite ignored="0" hostname="DESKTOP-13EDC9F" failures="0" tests="2" name="TC_003_AddRemoveCart" time="26.585" errors="0" timestamp="2024-04-08T16:52:44 IST">
  <testcase classname="com.framework.testscripts.TC_003_AddRemoveCart" name="addRemove" time="9.711"/>
  <testcase classname="com.framework.testscripts.TC_003_AddRemoveCart" name="addRemove" time="9.262"/>
</testsuite> <!-- TC_003_AddRemoveCart -->
