<?xml version="1.0" encoding="UTF-8"?>
<!-- Generated by org.testng.reporters.JUnitXMLReporter -->
<testsuite ignored="0" hostname="DESKTOP-K6C3JQO" failures="0" tests="2" name="TC_003_AddRemoveCart" time="70.452" errors="0" timestamp="2023-09-20T16:33:34 IST">
  <testcase classname="com.framework.testscripts.TC_003_AddRemoveCart" name="addRemove" time="12.908"/>
  <testcase classname="com.framework.testscripts.TC_003_AddRemoveCart" name="addRemove" time="9.248"/>
</testsuite> <!-- TC_003_AddRemoveCart -->
