<?xml version="1.0" encoding="UTF-8"?>
<!-- Generated by org.testng.reporters.JUnitXMLReporter -->
<testsuite ignored="0" hostname="DESKTOP-13EDC9F" failures="1" tests="2" name="TestNGListenerTC" time="0.171" errors="0" timestamp="2024-04-19T16:30:33 IST">
  <testcase classname="com.testng.TestNGListenerTC" name="m1" time="0.022"/>
  <testcase classname="com.testng.TestNGListenerTC" name="m2" time="0.051">
    <failure type="java.lang.AssertionError" message="expected [Wealth] but found [Health]">
      <![CDATA[java.lang.AssertionError: expected [Wealth] but found [Health]
at com.testng.TestNGListenerTC.m2(TestNGListenerTC.java:17)
at java.base/java.util.ArrayList.forEach(ArrayList.java:1540)
... Removed 33 stack frames]]>
    </failure>
  </testcase> <!-- m2 -->
</testsuite> <!-- TestNGListenerTC -->
