<?xml version="1.0" encoding="UTF-8"?>
<testng-results ignored="0" total="4" passed="4" failed="0" skipped="0">
  <reporter-output>
  </reporter-output>
  <suite started-at="2024-04-14T11:17:35 IST" name="Default suite" finished-at="2024-04-14T11:17:44 IST" duration-ms="8946">
    <groups>
    </groups>
    <test started-at="2024-04-14T11:17:35 IST" name="Default test" finished-at="2024-04-14T11:17:44 IST" duration-ms="8946">
      <class name="api.test.UserTests">
        <test-method is-config="true" signature="setupData()[pri:0, instance:api.test.UserTests@4681c175]" started-at="2024-04-14T11:17:36 IST" name="setupData" finished-at="2024-04-14T11:17:36 IST" duration-ms="378" status="PASS">
          <reporter-output>
          </reporter-output>
        </test-method> <!-- setupData -->
        <test-method signature="testPostUser()[pri:1, instance:api.test.UserTests@4681c175]" started-at="2024-04-14T11:17:36 IST" name="testPostUser" finished-at="2024-04-14T11:17:40 IST" duration-ms="3848" status="PASS">
          <reporter-output>
          </reporter-output>
        </test-method> <!-- testPostUser -->
        <test-method signature="testGetUserByName()[pri:2, instance:api.test.UserTests@4681c175]" started-at="2024-04-14T11:17:40 IST" name="testGetUserByName" finished-at="2024-04-14T11:17:41 IST" duration-ms="1129" status="PASS">
          <reporter-output>
          </reporter-output>
        </test-method> <!-- testGetUserByName -->
        <test-method signature="testUpdateUserByName()[pri:3, instance:api.test.UserTests@4681c175]" started-at="2024-04-14T11:17:41 IST" name="testUpdateUserByName" finished-at="2024-04-14T11:17:43 IST" duration-ms="2325" status="PASS">
          <reporter-output>
          </reporter-output>
        </test-method> <!-- testUpdateUserByName -->
        <test-method signature="testDeleteUserByName()[pri:4, instance:api.test.UserTests@4681c175]" started-at="2024-04-14T11:17:43 IST" name="testDeleteUserByName" finished-at="2024-04-14T11:17:44 IST" duration-ms="1145" status="PASS">
          <reporter-output>
          </reporter-output>
        </test-method> <!-- testDeleteUserByName -->
      </class> <!-- api.test.UserTests -->
    </test> <!-- Default test -->
  </suite> <!-- Default suite -->
</testng-results>
