<?xml version="1.0" encoding="UTF-8"?>
<testng-results ignored="0" total="9" passed="9" failed="0" skipped="0">
  <reporter-output>
  </reporter-output>
  <suite started-at="2024-03-22T13:35:37 IST" name="Default suite" finished-at="2024-03-22T13:35:52 IST" duration-ms="14575">
    <groups>
    </groups>
    <test started-at="2024-03-22T13:35:37 IST" name="Default test" finished-at="2024-03-22T13:35:52 IST" duration-ms="14575">
      <class name="api.test.DataDriven">
        <test-method signature="testPostUser(java.lang.String,java.lang.String,java.lang.String,java.lang.String,java.lang.String,java.lang.String,java.lang.String)[pri:1, instance:api.test.DataDriven@202b0582]" started-at="2024-03-22T13:35:38 IST" name="testPostUser" data-provider="ExcelTestData" finished-at="2024-03-22T13:35:42 IST" duration-ms="3962" status="PASS">
          <params>
            <param index="0">
              <value>
                <![CDATA[1001]]>
              </value>
            </param>
            <param index="1">
              <value>
                <![CDATA[testuser1]]>
              </value>
            </param>
            <param index="2">
              <value>
                <![CDATA[Tyree]]>
              </value>
            </param>
            <param index="3">
              <value>
                <![CDATA[Stehr]]>
              </value>
            </param>
            <param index="4">
              <value>
                <![CDATA[norine.sawayn@example.com]]>
              </value>
            </param>
            <param index="5">
              <value>
                <![CDATA[test@1]]>
              </value>
            </param>
            <param index="6">
              <value>
                <![CDATA[123456789]]>
              </value>
            </param>
          </params>
          <reporter-output>
          </reporter-output>
        </test-method> <!-- testPostUser -->
        <test-method signature="testPostUser(java.lang.String,java.lang.String,java.lang.String,java.lang.String,java.lang.String,java.lang.String,java.lang.String)[pri:1, instance:api.test.DataDriven@202b0582]" started-at="2024-03-22T13:35:42 IST" name="testPostUser" data-provider="ExcelTestData" finished-at="2024-03-22T13:35:43 IST" duration-ms="1203" status="PASS">
          <params>
            <param index="0">
              <value>
                <![CDATA[1002]]>
              </value>
            </param>
            <param index="1">
              <value>
                <![CDATA[testuser2]]>
              </value>
            </param>
            <param index="2">
              <value>
                <![CDATA[John]]>
              </value>
            </param>
            <param index="3">
              <value>
                <![CDATA[Ornald]]>
              </value>
            </param>
            <param index="4">
              <value>
                <![CDATA[John.ornald@example.com]]>
              </value>
            </param>
            <param index="5">
              <value>
                <![CDATA[test@2]]>
              </value>
            </param>
            <param index="6">
              <value>
                <![CDATA[123456789]]>
              </value>
            </param>
          </params>
          <reporter-output>
          </reporter-output>
        </test-method> <!-- testPostUser -->
        <test-method signature="testPostUser(java.lang.String,java.lang.String,java.lang.String,java.lang.String,java.lang.String,java.lang.String,java.lang.String)[pri:1, instance:api.test.DataDriven@202b0582]" started-at="2024-03-22T13:35:43 IST" name="testPostUser" data-provider="ExcelTestData" finished-at="2024-03-22T13:35:44 IST" duration-ms="1178" status="PASS">
          <params>
            <param index="0">
              <value>
                <![CDATA[1003]]>
              </value>
            </param>
            <param index="1">
              <value>
                <![CDATA[testuser3]]>
              </value>
            </param>
            <param index="2">
              <value>
                <![CDATA[Kevin]]>
              </value>
            </param>
            <param index="3">
              <value>
                <![CDATA[Peterson]]>
              </value>
            </param>
            <param index="4">
              <value>
                <![CDATA[Kevin.Peterson@example.com]]>
              </value>
            </param>
            <param index="5">
              <value>
                <![CDATA[test@3]]>
              </value>
            </param>
            <param index="6">
              <value>
                <![CDATA[123456789]]>
              </value>
            </param>
          </params>
          <reporter-output>
          </reporter-output>
        </test-method> <!-- testPostUser -->
        <test-method signature="testReadUser(java.lang.String)[pri:2, instance:api.test.DataDriven@202b0582]" started-at="2024-03-22T13:35:44 IST" name="testReadUser" data-provider="UserNameData" finished-at="2024-03-22T13:35:46 IST" duration-ms="1140" status="PASS">
          <params>
            <param index="0">
              <value>
                <![CDATA[testuser1]]>
              </value>
            </param>
          </params>
          <reporter-output>
          </reporter-output>
        </test-method> <!-- testReadUser -->
        <test-method signature="testReadUser(java.lang.String)[pri:2, instance:api.test.DataDriven@202b0582]" started-at="2024-03-22T13:35:46 IST" name="testReadUser" data-provider="UserNameData" finished-at="2024-03-22T13:35:47 IST" duration-ms="1145" status="PASS">
          <params>
            <param index="0">
              <value>
                <![CDATA[testuser2]]>
              </value>
            </param>
          </params>
          <reporter-output>
          </reporter-output>
        </test-method> <!-- testReadUser -->
        <test-method signature="testReadUser(java.lang.String)[pri:2, instance:api.test.DataDriven@202b0582]" started-at="2024-03-22T13:35:47 IST" name="testReadUser" data-provider="UserNameData" finished-at="2024-03-22T13:35:48 IST" duration-ms="1165" status="PASS">
          <params>
            <param index="0">
              <value>
                <![CDATA[testuser3]]>
              </value>
            </param>
          </params>
          <reporter-output>
          </reporter-output>
        </test-method> <!-- testReadUser -->
        <test-method signature="testDeleteUser(java.lang.String)[pri:3, instance:api.test.DataDriven@202b0582]" started-at="2024-03-22T13:35:48 IST" name="testDeleteUser" data-provider="UserNameData" finished-at="2024-03-22T13:35:49 IST" duration-ms="1139" status="PASS">
          <params>
            <param index="0">
              <value>
                <![CDATA[testuser1]]>
              </value>
            </param>
          </params>
          <reporter-output>
          </reporter-output>
        </test-method> <!-- testDeleteUser -->
        <test-method signature="testDeleteUser(java.lang.String)[pri:3, instance:api.test.DataDriven@202b0582]" started-at="2024-03-22T13:35:49 IST" name="testDeleteUser" data-provider="UserNameData" finished-at="2024-03-22T13:35:50 IST" duration-ms="1216" status="PASS">
          <params>
            <param index="0">
              <value>
                <![CDATA[testuser2]]>
              </value>
            </param>
          </params>
          <reporter-output>
          </reporter-output>
        </test-method> <!-- testDeleteUser -->
        <test-method signature="testDeleteUser(java.lang.String)[pri:3, instance:api.test.DataDriven@202b0582]" started-at="2024-03-22T13:35:50 IST" name="testDeleteUser" data-provider="UserNameData" finished-at="2024-03-22T13:35:52 IST" duration-ms="1181" status="PASS">
          <params>
            <param index="0">
              <value>
                <![CDATA[testuser3]]>
              </value>
            </param>
          </params>
          <reporter-output>
          </reporter-output>
        </test-method> <!-- testDeleteUser -->
      </class> <!-- api.test.DataDriven -->
    </test> <!-- Default test -->
  </suite> <!-- Default suite -->
</testng-results>
