<?xml version="1.0" encoding="UTF-8"?>
<!-- Generated by org.testng.reporters.JUnitXMLReporter -->
<testsuite ignored="0" hostname="DESKTOP-13EDC9F" failures="0" tests="5" name="Default test" time="0.236" errors="0" timestamp="2024-04-19T11:06:03 IST">
  <testcase classname="com.testng.prac.AllAnnotations" name="Test" time="0.009"/>
  <testcase classname="com.testng.prac.AllAnnotations" name="Test" time="0.005"/>
  <testcase classname="com.testng.prac.AllAnnotations" name="Test" time="0.005"/>
  <testcase classname="com.testng.prac.AllAnnotations" name="Test" time="0.003"/>
  <testcase classname="com.testng.prac.AllAnnotations" name="Test" time="0.009"/>
</testsuite> <!-- Default test -->
