<?xml version="1.0" encoding="UTF-8"?>
<!-- Generated by org.testng.reporters.JUnitXMLReporter -->
<testsuite ignored="0" hostname="DESKTOP-13EDC9F" failures="0" tests="2" name="SL_FullTransaction" time="137.091" errors="0" timestamp="2024-02-05T19:31:40 IST">
  <testcase classname="com.framework.testscripts.SL_FullTransaction" name="slFullTransaction" time="65.141"/>
  <testcase classname="com.framework.testscripts.SL_FullTransaction" name="slFullTransaction" time="63.723"/>
</testsuite> <!-- SL_FullTransaction -->
