<?xml version="1.0" encoding="UTF-8"?>
<!-- Generated by org.testng.reporters.JUnitXMLReporter -->
<testsuite ignored="0" hostname="DESKTOP-13EDC9F" failures="0" tests="2" name="SL_FullTransaction" time="141.643" errors="0" timestamp="2024-03-07T16:23:22 IST">
  <testcase classname="com.framework.testscripts.SL_FullTransaction" name="slFullTransaction" time="66.259"/>
  <testcase classname="com.framework.testscripts.SL_FullTransaction" name="slFullTransaction" time="63.026"/>
</testsuite> <!-- SL_FullTransaction -->
