<?xml version="1.0" encoding="UTF-8"?>
<testng-results ignored="0" total="3" passed="3" failed="0" skipped="0">
  <reporter-output>
  </reporter-output>
  <suite started-at="2024-02-07T18:21:07 IST" name="Default suite" finished-at="2024-02-07T18:21:29 IST" duration-ms="22452">
    <groups>
    </groups>
    <test started-at="2024-02-07T18:21:07 IST" name="Default test" finished-at="2024-02-07T18:21:29 IST" duration-ms="22452">
      <class name="com.testng.TC_005_Dataprovider">
        <test-method is-config="true" signature="openBrowser()[pri:0, instance:com.testng.TC_005_Dataprovider@4f0f2942]" started-at="2024-02-07T18:21:07 IST" name="openBrowser" finished-at="2024-02-07T18:21:13 IST" duration-ms="6313" status="PASS">
          <reporter-output>
          </reporter-output>
        </test-method> <!-- openBrowser -->
        <test-method signature="login(java.lang.String,java.lang.String)[pri:0, instance:com.testng.TC_005_Dataprovider@4f0f2942]" started-at="2024-02-07T18:21:13 IST" name="login" data-provider="getTestData" finished-at="2024-02-07T18:21:19 IST" duration-ms="6076" status="PASS">
          <params>
            <param index="0">
              <value>
                <![CDATA[standard_user]]>
              </value>
            </param>
            <param index="1">
              <value>
                <![CDATA[secret_sauce]]>
              </value>
            </param>
          </params>
          <reporter-output>
          </reporter-output>
        </test-method> <!-- login -->
        <test-method signature="login(java.lang.String,java.lang.String)[pri:0, instance:com.testng.TC_005_Dataprovider@4f0f2942]" started-at="2024-02-07T18:21:19 IST" name="login" data-provider="getTestData" finished-at="2024-02-07T18:21:24 IST" duration-ms="4842" status="PASS">
          <params>
            <param index="0">
              <value>
                <![CDATA[standard_user]]>
              </value>
            </param>
            <param index="1">
              <value>
                <![CDATA[secret_sauce]]>
              </value>
            </param>
          </params>
          <reporter-output>
          </reporter-output>
        </test-method> <!-- login -->
        <test-method signature="login(java.lang.String,java.lang.String)[pri:0, instance:com.testng.TC_005_Dataprovider@4f0f2942]" started-at="2024-02-07T18:21:24 IST" name="login" data-provider="getTestData" finished-at="2024-02-07T18:21:29 IST" duration-ms="4680" status="PASS">
          <params>
            <param index="0">
              <value>
                <![CDATA[problem_user]]>
              </value>
            </param>
            <param index="1">
              <value>
                <![CDATA[secret_sauce]]>
              </value>
            </param>
          </params>
          <reporter-output>
          </reporter-output>
        </test-method> <!-- login -->
        <test-method is-config="true" signature="closeBrowser()[pri:0, instance:com.testng.TC_005_Dataprovider@4f0f2942]" started-at="2024-02-07T18:21:29 IST" name="closeBrowser" finished-at="2024-02-07T18:21:29 IST" duration-ms="463" status="PASS">
          <reporter-output>
          </reporter-output>
        </test-method> <!-- closeBrowser -->
      </class> <!-- com.testng.TC_005_Dataprovider -->
    </test> <!-- Default test -->
  </suite> <!-- Default suite -->
</testng-results>
