<?xml version="1.0" encoding="UTF-8"?>
<testng-results ignored="0" total="6" passed="6" failed="0" skipped="0">
  <reporter-output>
  </reporter-output>
  <suite started-at="2024-02-06T17:16:08 IST" name="Default suite" finished-at="2024-02-06T17:16:09 IST" duration-ms="909">
    <groups>
    </groups>
    <test started-at="2024-02-06T17:16:08 IST" name="Default test" finished-at="2024-02-06T17:16:09 IST" duration-ms="909">
      <class name="com.testng.ExtentReport">
        <test-method is-config="true" signature="beforeTest()[pri:0, instance:com.testng.ExtentReport@2ce6c6ec]" started-at="2024-02-06T17:16:08 IST" name="beforeTest" finished-at="2024-02-06T17:16:08 IST" duration-ms="244" status="PASS">
          <reporter-output>
          </reporter-output>
        </test-method> <!-- beforeTest -->
        <test-method signature="f1()[pri:0, instance:com.testng.ExtentReport@2ce6c6ec]" started-at="2024-02-06T17:16:08 IST" name="f1" finished-at="2024-02-06T17:16:09 IST" duration-ms="32" status="PASS">
          <reporter-output>
          </reporter-output>
        </test-method> <!-- f1 -->
        <test-method signature="f2()[pri:0, instance:com.testng.ExtentReport@2ce6c6ec]" started-at="2024-02-06T17:16:09 IST" name="f2" finished-at="2024-02-06T17:16:09 IST" duration-ms="8" status="PASS">
          <reporter-output>
          </reporter-output>
        </test-method> <!-- f2 -->
        <test-method signature="f3()[pri:0, instance:com.testng.ExtentReport@2ce6c6ec]" started-at="2024-02-06T17:16:09 IST" name="f3" finished-at="2024-02-06T17:16:09 IST" duration-ms="3" status="PASS">
          <reporter-output>
          </reporter-output>
        </test-method> <!-- f3 -->
        <test-method signature="f4()[pri:0, instance:com.testng.ExtentReport@2ce6c6ec]" started-at="2024-02-06T17:16:09 IST" name="f4" finished-at="2024-02-06T17:16:09 IST" duration-ms="3" status="PASS">
          <reporter-output>
          </reporter-output>
        </test-method> <!-- f4 -->
        <test-method signature="f5()[pri:0, instance:com.testng.ExtentReport@2ce6c6ec]" started-at="2024-02-06T17:16:09 IST" name="f5" finished-at="2024-02-06T17:16:09 IST" duration-ms="4" status="PASS">
          <reporter-output>
          </reporter-output>
        </test-method> <!-- f5 -->
        <test-method signature="f6()[pri:0, instance:com.testng.ExtentReport@2ce6c6ec]" started-at="2024-02-06T17:16:09 IST" name="f6" finished-at="2024-02-06T17:16:09 IST" duration-ms="4" status="PASS">
          <reporter-output>
          </reporter-output>
        </test-method> <!-- f6 -->
        <test-method is-config="true" signature="afterTest()[pri:0, instance:com.testng.ExtentReport@2ce6c6ec]" started-at="2024-02-06T17:16:09 IST" name="afterTest" finished-at="2024-02-06T17:16:09 IST" duration-ms="515" status="PASS">
          <reporter-output>
          </reporter-output>
        </test-method> <!-- afterTest -->
      </class> <!-- com.testng.ExtentReport -->
    </test> <!-- Default test -->
  </suite> <!-- Default suite -->
</testng-results>
