<?xml version="1.0" encoding="UTF-8"?>
<!-- Generated by org.testng.reporters.JUnitXMLReporter -->
<testsuite ignored="3" hostname="DESKTOP-13EDC9F" failures="0" tests="1" name="Test" time="0.11" errors="0" timestamp="2024-04-19T00:02:12 IST">
  <testcase classname="com.testng.prac.GroupsAnnotation" name="m2" time="0.012"/>
  <testcase classname="com.testng.prac.GroupsAnnotation" name="m1" time="0.0">
    <ignored/>
  </testcase> <!-- m1 -->
  <testcase classname="com.testng.prac.GroupsAnnotation" name="m3" time="0.0">
    <ignored/>
  </testcase> <!-- m3 -->
  <testcase classname="com.testng.prac.GroupsAnnotation" name="m4" time="0.0">
    <ignored/>
  </testcase> <!-- m4 -->
</testsuite> <!-- Test -->
