<?xml version="1.0" encoding="UTF-8"?>
<!-- Generated by org.testng.reporters.JUnitXMLReporter -->
<testsuite ignored="0" hostname="DESKTOP-13EDC9F" failures="0" tests="4" name="Test" time="3.42" errors="0" timestamp="2024-04-14T15:20:19 IST">
  <testcase classname="rawpractice.CreateUser" name="createUser" time="3.065"/>
  <testcase classname="rawpractice.ReadUser" name="readData" time="0.051"/>
  <testcase classname="rawpractice.UpdateUser" name="updateUser" time="0.122"/>
  <testcase classname="rawpractice.DeleteUser" name="deleteUser" time="0.052"/>
</testsuite> <!-- Test -->
