<?xml version="1.0" encoding="UTF-8"?>
<!-- Generated by org.testng.reporters.JUnitXMLReporter -->
<testsuite ignored="0" hostname="DESKTOP-13EDC9F" failures="0" tests="4" name="Test" time="5.192" errors="0" timestamp="2024-03-20T20:03:05 IST">
  <testcase classname="day8.CreateUser" name="createUser" time="4.558"/>
  <testcase classname="day8.GetUser" name="getUser" time="0.12"/>
  <testcase classname="day8.UpdateUser" name="update_User" time="0.142"/>
  <testcase classname="day8.DeleteUser" name="deleteUser" time="0.03"/>
</testsuite> <!-- Test -->
