<?xml version="1.0" encoding="UTF-8"?>
<!-- Generated by org.testng.reporters.JUnitXMLReporter -->
<testsuite ignored="0" hostname="DESKTOP-13EDC9F" failures="0" tests="4" name="Default test" time="8.946" errors="0" timestamp="2024-04-14T11:17:44 IST">
  <testcase classname="api.test.UserTests" name="testPostUser" time="3.848"/>
  <testcase classname="api.test.UserTests" name="testGetUserByName" time="1.129"/>
  <testcase classname="api.test.UserTests" name="testUpdateUserByName" time="2.325"/>
  <testcase classname="api.test.UserTests" name="testDeleteUserByName" time="1.145"/>
</testsuite> <!-- Default test -->
