<?xml version="1.0" encoding="UTF-8"?>
<testng-results ignored="0" total="1" passed="1" failed="0" skipped="0">
  <reporter-output>
  </reporter-output>
  <suite started-at="2024-03-10T12:56:02 IST" name="Default suite" finished-at="2024-03-10T12:56:24 IST" duration-ms="21850">
    <groups>
    </groups>
    <test started-at="2024-03-10T12:56:02 IST" name="Default test" finished-at="2024-03-10T12:56:24 IST" duration-ms="21850">
      <class name="practice.select_dp">
        <test-method signature="selectdp()[pri:0, instance:practice.select_dp@3f4faf53]" started-at="2024-03-10T12:56:02 IST" name="selectdp" finished-at="2024-03-10T12:56:24 IST" duration-ms="21761" status="PASS">
          <reporter-output>
          </reporter-output>
        </test-method> <!-- selectdp -->
      </class> <!-- practice.select_dp -->
    </test> <!-- Default test -->
  </suite> <!-- Default suite -->
</testng-results>
